<?xml version="1.0" encoding="UTF-8"?>
<!-- Generated by org.testng.reporters.JUnitReportReporter -->
<testsuite hostname="DESKTOP-QLKFNLE" failures="0" tests="4" name="com.blazeTest.tests.BlazeTests" time="12.877" errors="0" timestamp="2022-02-06T21:43:02 GST" skipped="0">
  <testcase classname="com.blazeTest.tests.BlazeTests" name="SignUp" time="3.557"/>
  <system-out/>
  <testcase classname="com.blazeTest.tests.BlazeTests" name="login" time="2.900"/>
  <system-out/>
  <testcase classname="com.blazeTest.tests.BlazeTests" name="addProduct" time="3.535"/>
  <system-out/>
  <testcase classname="com.blazeTest.tests.BlazeTests" name="placeOrder" time="2.885"/>
  <system-out/>
</testsuite> <!-- com.blazeTest.tests.BlazeTests -->
